2016-06-21 23:49:24,375 [Worker-10] INFO  o.e.m.c.i.l.LifecycleMappingFactory - Using org.eclipse.m2e.jdt.JarLifecycleMapping lifecycle mapping for MavenProject: edu.neu.ccs.cs5500.seattle:betterthanebay:0.0.1-SNAPSHOT @ /Users/alesyatrubchik/CS5500/betterthanebay/java classes/pom.xml.
2016-06-21 23:49:24,765 [Worker-10] INFO  o.e.m.j.i.AbstractJavaProjectConfigurator - Adding source folder /java classes/src/main/java
2016-06-21 23:49:24,766 [Worker-10] INFO  o.e.m.j.i.AbstractJavaProjectConfigurator - Adding source folder /java classes/src/test/java
2016-06-21 23:49:24,833 [Worker-10] INFO  o.e.m.c.i.p.ProjectConfigurationManager - Imported and configured 1 project(s) in 3 sec
2016-06-21 23:49:25,924 [Worker-9] INFO  o.e.m.c.i.embedder.EclipseLogger - Using 'UTF-8' encoding to copy filtered resources.
2016-06-21 23:49:25,924 [Worker-9] INFO  o.e.m.c.i.embedder.EclipseLogger - skip non existing resourceDirectory /Users/alesyatrubchik/CS5500/betterthanebay/java classes/src/main/resources
2016-06-21 23:49:25,927 [Worker-9] INFO  o.e.m.c.i.embedder.EclipseLogger - Using 'UTF-8' encoding to copy filtered resources.
2016-06-21 23:49:25,928 [Worker-9] INFO  o.e.m.c.i.embedder.EclipseLogger - skip non existing resourceDirectory /Users/alesyatrubchik/CS5500/betterthanebay/java classes/src/test/resources
2016-06-21 23:50:10,782 [Worker-10] INFO  o.e.m.c.i.e.AbstractTransferListenerAdapter - Downloading https://repo.maven.apache.org/maven2/org/apache/maven/plugins/maven-shade-plugin/2.3/maven-shade-plugin-2.3.jar
2016-06-21 23:50:10,909 [Worker-10] INFO  o.e.m.c.i.e.AbstractTransferListenerAdapter - Downloaded https://repo.maven.apache.org/maven2/org/apache/maven/plugins/maven-shade-plugin/2.3/maven-shade-plugin-2.3.jar
2016-06-21 23:50:10,943 [Worker-10] INFO  o.e.m.c.i.l.LifecycleMappingFactory - Using org.eclipse.m2e.jdt.JarLifecycleMapping lifecycle mapping for MavenProject: com.example.helloworld:HelloWorldConfiguration:0.0.1-SNAPSHOT @ /Users/alesyatrubchik/CS5500/betterthanebay/DataBase API/pom.xml.
2016-06-21 23:50:11,699 [Worker-10] INFO  o.e.m.c.i.e.AbstractTransferListenerAdapter - Downloading https://repo.maven.apache.org/maven2/io/dropwizard/modules/dropwizard-java8-jdbi/0.9.0-1/dropwizard-java8-jdbi-0.9.0-1.pom
2016-06-21 23:50:11,734 [Worker-10] INFO  o.e.m.c.i.e.AbstractTransferListenerAdapter - Downloaded https://repo.maven.apache.org/maven2/io/dropwizard/modules/dropwizard-java8-jdbi/0.9.0-1/dropwizard-java8-jdbi-0.9.0-1.pom
2016-06-21 23:50:11,771 [Worker-10] INFO  o.e.m.c.i.e.AbstractTransferListenerAdapter - Downloading https://repo.maven.apache.org/maven2/io/dropwizard/modules/dropwizard-java8-parent/0.9.0-1/dropwizard-java8-parent-0.9.0-1.pom
2016-06-21 23:50:11,807 [Worker-10] INFO  o.e.m.c.i.e.AbstractTransferListenerAdapter - Downloaded https://repo.maven.apache.org/maven2/io/dropwizard/modules/dropwizard-java8-parent/0.9.0-1/dropwizard-java8-parent-0.9.0-1.pom
2016-06-21 23:50:11,849 [Worker-10] INFO  o.e.m.c.i.e.AbstractTransferListenerAdapter - Downloading https://repo.maven.apache.org/maven2/io/dropwizard/dropwizard-bom/0.9.0/dropwizard-bom-0.9.0.pom
2016-06-21 23:50:11,890 [Worker-10] INFO  o.e.m.c.i.e.AbstractTransferListenerAdapter - Downloaded https://repo.maven.apache.org/maven2/io/dropwizard/dropwizard-bom/0.9.0/dropwizard-bom-0.9.0.pom
2016-06-21 23:50:11,925 [Worker-10] INFO  o.e.m.c.i.e.AbstractTransferListenerAdapter - Downloading https://repo.maven.apache.org/maven2/io/dropwizard/dropwizard-parent/0.9.0/dropwizard-parent-0.9.0.pom
2016-06-21 23:50:11,963 [Worker-10] INFO  o.e.m.c.i.e.AbstractTransferListenerAdapter - Downloaded https://repo.maven.apache.org/maven2/io/dropwizard/dropwizard-parent/0.9.0/dropwizard-parent-0.9.0.pom
2016-06-21 23:50:12,005 [Worker-10] INFO  o.e.m.c.i.e.AbstractTransferListenerAdapter - Downloading https://repo.maven.apache.org/maven2/io/dropwizard/dropwizard-jdbi/0.9.0/dropwizard-jdbi-0.9.0.pom
2016-06-21 23:50:12,042 [Worker-10] INFO  o.e.m.c.i.e.AbstractTransferListenerAdapter - Downloaded https://repo.maven.apache.org/maven2/io/dropwizard/dropwizard-jdbi/0.9.0/dropwizard-jdbi-0.9.0.pom
2016-06-21 23:50:12,080 [Worker-10] INFO  o.e.m.c.i.e.AbstractTransferListenerAdapter - Downloading https://repo.maven.apache.org/maven2/io/dropwizard/dropwizard-db/0.9.0/dropwizard-db-0.9.0.pom
2016-06-21 23:50:12,123 [Worker-10] INFO  o.e.m.c.i.e.AbstractTransferListenerAdapter - Downloaded https://repo.maven.apache.org/maven2/io/dropwizard/dropwizard-db/0.9.0/dropwizard-db-0.9.0.pom
2016-06-21 23:50:12,161 [Worker-10] INFO  o.e.m.c.i.e.AbstractTransferListenerAdapter - Downloading https://repo.maven.apache.org/maven2/io/dropwizard/dropwizard-core/0.9.0/dropwizard-core-0.9.0.pom
2016-06-21 23:50:12,195 [Worker-10] INFO  o.e.m.c.i.e.AbstractTransferListenerAdapter - Downloaded https://repo.maven.apache.org/maven2/io/dropwizard/dropwizard-core/0.9.0/dropwizard-core-0.9.0.pom
2016-06-21 23:50:12,234 [Worker-10] INFO  o.e.m.c.i.e.AbstractTransferListenerAdapter - Downloading https://repo.maven.apache.org/maven2/io/dropwizard/dropwizard-util/0.9.0/dropwizard-util-0.9.0.pom
2016-06-21 23:50:12,270 [Worker-10] INFO  o.e.m.c.i.e.AbstractTransferListenerAdapter - Downloaded https://repo.maven.apache.org/maven2/io/dropwizard/dropwizard-util/0.9.0/dropwizard-util-0.9.0.pom
2016-06-21 23:50:12,310 [Worker-10] INFO  o.e.m.c.i.e.AbstractTransferListenerAdapter - Downloading https://repo.maven.apache.org/maven2/io/dropwizard/dropwizard-jackson/0.9.0/dropwizard-jackson-0.9.0.pom
2016-06-21 23:50:12,348 [Worker-10] INFO  o.e.m.c.i.e.AbstractTransferListenerAdapter - Downloaded https://repo.maven.apache.org/maven2/io/dropwizard/dropwizard-jackson/0.9.0/dropwizard-jackson-0.9.0.pom
2016-06-21 23:50:12,388 [Worker-10] INFO  o.e.m.c.i.e.AbstractTransferListenerAdapter - Downloading https://repo.maven.apache.org/maven2/io/dropwizard/dropwizard-validation/0.9.0/dropwizard-validation-0.9.0.pom
2016-06-21 23:50:12,425 [Worker-10] INFO  o.e.m.c.i.e.AbstractTransferListenerAdapter - Downloaded https://repo.maven.apache.org/maven2/io/dropwizard/dropwizard-validation/0.9.0/dropwizard-validation-0.9.0.pom
2016-06-21 23:50:12,466 [Worker-10] INFO  o.e.m.c.i.e.AbstractTransferListenerAdapter - Downloading https://repo.maven.apache.org/maven2/io/dropwizard/dropwizard-configuration/0.9.0/dropwizard-configuration-0.9.0.pom
2016-06-21 23:50:12,499 [Worker-10] INFO  o.e.m.c.i.e.AbstractTransferListenerAdapter - Downloaded https://repo.maven.apache.org/maven2/io/dropwizard/dropwizard-configuration/0.9.0/dropwizard-configuration-0.9.0.pom
2016-06-21 23:50:12,537 [Worker-10] INFO  o.e.m.c.i.e.AbstractTransferListenerAdapter - Downloading https://repo.maven.apache.org/maven2/io/dropwizard/dropwizard-logging/0.9.0/dropwizard-logging-0.9.0.pom
2016-06-21 23:50:12,576 [Worker-10] INFO  o.e.m.c.i.e.AbstractTransferListenerAdapter - Downloaded https://repo.maven.apache.org/maven2/io/dropwizard/dropwizard-logging/0.9.0/dropwizard-logging-0.9.0.pom
2016-06-21 23:50:12,615 [Worker-10] INFO  o.e.m.c.i.e.AbstractTransferListenerAdapter - Downloading https://repo.maven.apache.org/maven2/io/dropwizard/dropwizard-metrics/0.9.0/dropwizard-metrics-0.9.0.pom
2016-06-21 23:50:12,653 [Worker-10] INFO  o.e.m.c.i.e.AbstractTransferListenerAdapter - Downloaded https://repo.maven.apache.org/maven2/io/dropwizard/dropwizard-metrics/0.9.0/dropwizard-metrics-0.9.0.pom
2016-06-21 23:50:12,696 [Worker-10] INFO  o.e.m.c.i.e.AbstractTransferListenerAdapter - Downloading https://repo.maven.apache.org/maven2/io/dropwizard/dropwizard-lifecycle/0.9.0/dropwizard-lifecycle-0.9.0.pom
2016-06-21 23:50:12,733 [Worker-10] INFO  o.e.m.c.i.e.AbstractTransferListenerAdapter - Downloaded https://repo.maven.apache.org/maven2/io/dropwizard/dropwizard-lifecycle/0.9.0/dropwizard-lifecycle-0.9.0.pom
2016-06-21 23:50:12,772 [Worker-10] INFO  o.e.m.c.i.e.AbstractTransferListenerAdapter - Downloading https://repo.maven.apache.org/maven2/io/dropwizard/dropwizard-jersey/0.9.0/dropwizard-jersey-0.9.0.pom
2016-06-21 23:50:12,809 [Worker-10] INFO  o.e.m.c.i.e.AbstractTransferListenerAdapter - Downloaded https://repo.maven.apache.org/maven2/io/dropwizard/dropwizard-jersey/0.9.0/dropwizard-jersey-0.9.0.pom
2016-06-21 23:50:12,846 [Worker-10] INFO  o.e.m.c.i.e.AbstractTransferListenerAdapter - Downloading https://repo.maven.apache.org/maven2/io/dropwizard/dropwizard-servlets/0.9.0/dropwizard-servlets-0.9.0.pom
2016-06-21 23:50:12,882 [Worker-10] INFO  o.e.m.c.i.e.AbstractTransferListenerAdapter - Downloaded https://repo.maven.apache.org/maven2/io/dropwizard/dropwizard-servlets/0.9.0/dropwizard-servlets-0.9.0.pom
2016-06-21 23:50:12,919 [Worker-10] INFO  o.e.m.c.i.e.AbstractTransferListenerAdapter - Downloading https://repo.maven.apache.org/maven2/io/dropwizard/dropwizard-jetty/0.9.0/dropwizard-jetty-0.9.0.pom
2016-06-21 23:50:12,956 [Worker-10] INFO  o.e.m.c.i.e.AbstractTransferListenerAdapter - Downloaded https://repo.maven.apache.org/maven2/io/dropwizard/dropwizard-jetty/0.9.0/dropwizard-jetty-0.9.0.pom
2016-06-21 23:50:13,006 [Worker-10] INFO  o.e.m.c.i.e.AbstractTransferListenerAdapter - Downloading https://repo.maven.apache.org/maven2/org/jdbi/jdbi/2.63.1/jdbi-2.63.1.pom
2016-06-21 23:50:13,047 [Worker-10] INFO  o.e.m.c.i.e.AbstractTransferListenerAdapter - Downloaded https://repo.maven.apache.org/maven2/org/jdbi/jdbi/2.63.1/jdbi-2.63.1.pom
2016-06-21 23:50:13,084 [Worker-10] INFO  o.e.m.c.i.e.AbstractTransferListenerAdapter - Downloading https://repo.maven.apache.org/maven2/org/basepom/basepom-standard-oss/11/basepom-standard-oss-11.pom
2016-06-21 23:50:13,120 [Worker-10] INFO  o.e.m.c.i.e.AbstractTransferListenerAdapter - Downloaded https://repo.maven.apache.org/maven2/org/basepom/basepom-standard-oss/11/basepom-standard-oss-11.pom
2016-06-21 23:50:13,155 [Worker-10] INFO  o.e.m.c.i.e.AbstractTransferListenerAdapter - Downloading https://repo.maven.apache.org/maven2/org/basepom/basepom-standard/11/basepom-standard-11.pom
2016-06-21 23:50:13,198 [Worker-10] INFO  o.e.m.c.i.e.AbstractTransferListenerAdapter - Downloaded https://repo.maven.apache.org/maven2/org/basepom/basepom-standard/11/basepom-standard-11.pom
2016-06-21 23:50:13,234 [Worker-10] INFO  o.e.m.c.i.e.AbstractTransferListenerAdapter - Downloading https://repo.maven.apache.org/maven2/org/basepom/basepom-foundation/11/basepom-foundation-11.pom
2016-06-21 23:50:13,270 [Worker-10] INFO  o.e.m.c.i.e.AbstractTransferListenerAdapter - Downloaded https://repo.maven.apache.org/maven2/org/basepom/basepom-foundation/11/basepom-foundation-11.pom
2016-06-21 23:50:13,312 [Worker-10] INFO  o.e.m.c.i.e.AbstractTransferListenerAdapter - Downloading https://repo.maven.apache.org/maven2/io/dropwizard/metrics/metrics-jdbi/3.1.2/metrics-jdbi-3.1.2.pom
2016-06-21 23:50:13,345 [Worker-10] INFO  o.e.m.c.i.e.AbstractTransferListenerAdapter - Downloaded https://repo.maven.apache.org/maven2/io/dropwizard/metrics/metrics-jdbi/3.1.2/metrics-jdbi-3.1.2.pom
2016-06-21 23:50:13,386 [Worker-10] INFO  o.e.m.c.i.e.AbstractTransferListenerAdapter - Downloading https://repo.maven.apache.org/maven2/io/dropwizard/dropwizard-hibernate/0.9.2/dropwizard-hibernate-0.9.2.pom
2016-06-21 23:50:13,421 [Worker-10] INFO  o.e.m.c.i.e.AbstractTransferListenerAdapter - Downloaded https://repo.maven.apache.org/maven2/io/dropwizard/dropwizard-hibernate/0.9.2/dropwizard-hibernate-0.9.2.pom
2016-06-21 23:50:13,465 [Worker-10] INFO  o.e.m.c.i.e.AbstractTransferListenerAdapter - Downloading https://repo.maven.apache.org/maven2/com/fasterxml/jackson/datatype/jackson-datatype-hibernate4/2.6.3/jackson-datatype-hibernate4-2.6.3.pom
2016-06-21 23:50:13,500 [Worker-10] INFO  o.e.m.c.i.e.AbstractTransferListenerAdapter - Downloaded https://repo.maven.apache.org/maven2/com/fasterxml/jackson/datatype/jackson-datatype-hibernate4/2.6.3/jackson-datatype-hibernate4-2.6.3.pom
2016-06-21 23:50:13,533 [Worker-10] INFO  o.e.m.c.i.e.AbstractTransferListenerAdapter - Downloading https://repo.maven.apache.org/maven2/com/fasterxml/jackson/datatype/jackson-datatype-hibernate-parent/2.6.3/jackson-datatype-hibernate-parent-2.6.3.pom
2016-06-21 23:50:13,571 [Worker-10] INFO  o.e.m.c.i.e.AbstractTransferListenerAdapter - Downloaded https://repo.maven.apache.org/maven2/com/fasterxml/jackson/datatype/jackson-datatype-hibernate-parent/2.6.3/jackson-datatype-hibernate-parent-2.6.3.pom
2016-06-21 23:50:13,610 [Worker-10] INFO  o.e.m.c.i.e.AbstractTransferListenerAdapter - Downloading https://repo.maven.apache.org/maven2/org/jadira/usertype/usertype.core/4.0.0.GA/usertype.core-4.0.0.GA.pom
2016-06-21 23:50:13,645 [Worker-10] INFO  o.e.m.c.i.e.AbstractTransferListenerAdapter - Downloaded https://repo.maven.apache.org/maven2/org/jadira/usertype/usertype.core/4.0.0.GA/usertype.core-4.0.0.GA.pom
2016-06-21 23:50:13,683 [Worker-10] INFO  o.e.m.c.i.e.AbstractTransferListenerAdapter - Downloading https://repo.maven.apache.org/maven2/org/jadira/framework/jadira.parent/4.0.0.GA/jadira.parent-4.0.0.GA.pom
2016-06-21 23:50:13,723 [Worker-10] INFO  o.e.m.c.i.e.AbstractTransferListenerAdapter - Downloaded https://repo.maven.apache.org/maven2/org/jadira/framework/jadira.parent/4.0.0.GA/jadira.parent-4.0.0.GA.pom
2016-06-21 23:50:13,762 [Worker-10] INFO  o.e.m.c.i.e.AbstractTransferListenerAdapter - Downloading https://repo.maven.apache.org/maven2/org/jadira/framework/jadira.depmgmt/4.0.0.GA/jadira.depmgmt-4.0.0.GA.pom
2016-06-21 23:50:13,809 [Worker-10] INFO  o.e.m.c.i.e.AbstractTransferListenerAdapter - Downloaded https://repo.maven.apache.org/maven2/org/jadira/framework/jadira.depmgmt/4.0.0.GA/jadira.depmgmt-4.0.0.GA.pom
2016-06-21 23:50:13,845 [Worker-10] INFO  o.e.m.c.i.e.AbstractTransferListenerAdapter - Downloading https://repo.maven.apache.org/maven2/org/jboss/weld/weld-core-bom/1.1.29.Final/weld-core-bom-1.1.29.Final.pom
2016-06-21 23:50:13,879 [Worker-10] INFO  o.e.m.c.i.e.AbstractTransferListenerAdapter - Downloaded https://repo.maven.apache.org/maven2/org/jboss/weld/weld-core-bom/1.1.29.Final/weld-core-bom-1.1.29.Final.pom
2016-06-21 23:50:13,916 [Worker-10] INFO  o.e.m.c.i.e.AbstractTransferListenerAdapter - Downloading https://repo.maven.apache.org/maven2/org/jboss/weld/weld-core-parent/1.1.29.Final/weld-core-parent-1.1.29.Final.pom
2016-06-21 23:50:13,955 [Worker-10] INFO  o.e.m.c.i.e.AbstractTransferListenerAdapter - Downloaded https://repo.maven.apache.org/maven2/org/jboss/weld/weld-core-parent/1.1.29.Final/weld-core-parent-1.1.29.Final.pom
2016-06-21 23:50:13,992 [Worker-10] INFO  o.e.m.c.i.e.AbstractTransferListenerAdapter - Downloading https://repo.maven.apache.org/maven2/org/jboss/weld/weld-parent/21/weld-parent-21.pom
2016-06-21 23:50:14,031 [Worker-10] INFO  o.e.m.c.i.e.AbstractTransferListenerAdapter - Downloaded https://repo.maven.apache.org/maven2/org/jboss/weld/weld-parent/21/weld-parent-21.pom
2016-06-21 23:50:14,304 [Worker-10] INFO  o.e.m.c.i.e.AbstractTransferListenerAdapter - Downloading http://repository.jboss.org/nexus/content/groups/public/org/jboss/weld/weld-api-bom/1.1.Final/weld-api-bom-1.1.Final.pom
2016-06-21 23:50:14,472 [Worker-10] INFO  o.e.m.c.i.e.AbstractTransferListenerAdapter - Downloaded http://repository.jboss.org/nexus/content/groups/public/org/jboss/weld/weld-api-bom/1.1.Final/weld-api-bom-1.1.Final.pom
2016-06-21 23:50:14,556 [Worker-10] INFO  o.e.m.c.i.e.AbstractTransferListenerAdapter - Downloading http://repository.jboss.org/nexus/content/groups/public/org/jboss/weld/weld-parent/17/weld-parent-17.pom
2016-06-21 23:50:14,795 [Worker-10] INFO  o.e.m.c.i.e.AbstractTransferListenerAdapter - Downloaded http://repository.jboss.org/nexus/content/groups/public/org/jboss/weld/weld-parent/17/weld-parent-17.pom
2016-06-21 23:50:14,834 [Worker-10] INFO  o.e.m.c.i.e.AbstractTransferListenerAdapter - Downloading https://repo.maven.apache.org/maven2/org/jadira/usertype/usertype.spi/4.0.0.GA/usertype.spi-4.0.0.GA.pom
2016-06-21 23:50:14,871 [Worker-10] INFO  o.e.m.c.i.e.AbstractTransferListenerAdapter - Downloaded https://repo.maven.apache.org/maven2/org/jadira/usertype/usertype.spi/4.0.0.GA/usertype.spi-4.0.0.GA.pom
2016-06-21 23:50:14,909 [Worker-10] INFO  o.e.m.c.i.e.AbstractTransferListenerAdapter - Downloading https://repo.maven.apache.org/maven2/org/hibernate/hibernate-core/4.3.11.Final/hibernate-core-4.3.11.Final.pom
2016-06-21 23:50:14,944 [Worker-10] INFO  o.e.m.c.i.e.AbstractTransferListenerAdapter - Downloaded https://repo.maven.apache.org/maven2/org/hibernate/hibernate-core/4.3.11.Final/hibernate-core-4.3.11.Final.pom
2016-06-21 23:50:14,979 [Worker-10] INFO  o.e.m.c.i.e.AbstractTransferListenerAdapter - Downloading https://repo.maven.apache.org/maven2/org/jboss/logging/jboss-logging-annotations/1.2.0.Beta1/jboss-logging-annotations-1.2.0.Beta1.pom
2016-06-21 23:50:15,016 [Worker-10] INFO  o.e.m.c.i.e.AbstractTransferListenerAdapter - Downloaded https://repo.maven.apache.org/maven2/org/jboss/logging/jboss-logging-annotations/1.2.0.Beta1/jboss-logging-annotations-1.2.0.Beta1.pom
2016-06-21 23:50:15,051 [Worker-10] INFO  o.e.m.c.i.e.AbstractTransferListenerAdapter - Downloading https://repo.maven.apache.org/maven2/org/jboss/logging/jboss-logging-tools-parent/1.2.0.Beta1/jboss-logging-tools-parent-1.2.0.Beta1.pom
2016-06-21 23:50:15,085 [Worker-10] INFO  o.e.m.c.i.e.AbstractTransferListenerAdapter - Downloaded https://repo.maven.apache.org/maven2/org/jboss/logging/jboss-logging-tools-parent/1.2.0.Beta1/jboss-logging-tools-parent-1.2.0.Beta1.pom
2016-06-21 23:50:15,122 [Worker-10] INFO  o.e.m.c.i.e.AbstractTransferListenerAdapter - Downloading https://repo.maven.apache.org/maven2/org/jboss/jboss-parent/10/jboss-parent-10.pom
2016-06-21 23:50:15,161 [Worker-10] INFO  o.e.m.c.i.e.AbstractTransferListenerAdapter - Downloaded https://repo.maven.apache.org/maven2/org/jboss/jboss-parent/10/jboss-parent-10.pom
2016-06-21 23:50:15,198 [Worker-10] INFO  o.e.m.c.i.e.AbstractTransferListenerAdapter - Downloading https://repo.maven.apache.org/maven2/org/jboss/spec/javax/transaction/jboss-transaction-api_1.2_spec/1.0.0.Final/jboss-transaction-api_1.2_spec-1.0.0.Final.pom
2016-06-21 23:50:15,235 [Worker-10] INFO  o.e.m.c.i.e.AbstractTransferListenerAdapter - Downloaded https://repo.maven.apache.org/maven2/org/jboss/spec/javax/transaction/jboss-transaction-api_1.2_spec/1.0.0.Final/jboss-transaction-api_1.2_spec-1.0.0.Final.pom
2016-06-21 23:50:15,279 [Worker-10] INFO  o.e.m.c.i.e.AbstractTransferListenerAdapter - Downloading https://repo.maven.apache.org/maven2/org/hibernate/common/hibernate-commons-annotations/4.0.5.Final/hibernate-commons-annotations-4.0.5.Final.pom
2016-06-21 23:50:15,315 [Worker-10] INFO  o.e.m.c.i.e.AbstractTransferListenerAdapter - Downloaded https://repo.maven.apache.org/maven2/org/hibernate/common/hibernate-commons-annotations/4.0.5.Final/hibernate-commons-annotations-4.0.5.Final.pom
2016-06-21 23:50:15,350 [Worker-10] INFO  o.e.m.c.i.e.AbstractTransferListenerAdapter - Downloading https://repo.maven.apache.org/maven2/org/hibernate/javax/persistence/hibernate-jpa-2.1-api/1.0.0.Final/hibernate-jpa-2.1-api-1.0.0.Final.pom
2016-06-21 23:50:15,387 [Worker-10] INFO  o.e.m.c.i.e.AbstractTransferListenerAdapter - Downloaded https://repo.maven.apache.org/maven2/org/hibernate/javax/persistence/hibernate-jpa-2.1-api/1.0.0.Final/hibernate-jpa-2.1-api-1.0.0.Final.pom
2016-06-21 23:50:15,422 [Worker-10] INFO  o.e.m.c.i.e.AbstractTransferListenerAdapter - Downloading https://repo.maven.apache.org/maven2/antlr/antlr/2.7.7/antlr-2.7.7.pom
2016-06-21 23:50:15,457 [Worker-10] INFO  o.e.m.c.i.e.AbstractTransferListenerAdapter - Downloaded https://repo.maven.apache.org/maven2/antlr/antlr/2.7.7/antlr-2.7.7.pom
2016-06-21 23:50:15,492 [Worker-10] INFO  o.e.m.c.i.e.AbstractTransferListenerAdapter - Downloading https://repo.maven.apache.org/maven2/org/jboss/jandex/1.1.0.Final/jandex-1.1.0.Final.pom
2016-06-21 23:50:15,527 [Worker-10] INFO  o.e.m.c.i.e.AbstractTransferListenerAdapter - Downloaded https://repo.maven.apache.org/maven2/org/jboss/jandex/1.1.0.Final/jandex-1.1.0.Final.pom
2016-06-21 23:50:15,565 [Worker-10] INFO  o.e.m.c.i.e.AbstractTransferListenerAdapter - Downloading https://repo.maven.apache.org/maven2/org/jboss/jboss-parent/5/jboss-parent-5.pom
2016-06-21 23:50:15,603 [Worker-10] INFO  o.e.m.c.i.e.AbstractTransferListenerAdapter - Downloaded https://repo.maven.apache.org/maven2/org/jboss/jboss-parent/5/jboss-parent-5.pom
2016-06-21 23:50:15,638 [Worker-10] INFO  o.e.m.c.i.e.AbstractTransferListenerAdapter - Downloading https://repo.maven.apache.org/maven2/mysql/mysql-connector-java/5.1.36/mysql-connector-java-5.1.36.pom
2016-06-21 23:50:15,674 [Worker-10] INFO  o.e.m.c.i.e.AbstractTransferListenerAdapter - Downloaded https://repo.maven.apache.org/maven2/mysql/mysql-connector-java/5.1.36/mysql-connector-java-5.1.36.pom
2016-06-21 23:50:15,711 [Worker-10] INFO  o.e.m.c.i.e.AbstractTransferListenerAdapter - Downloading https://repo.maven.apache.org/maven2/postgresql/postgresql/9.1-901-1.jdbc4/postgresql-9.1-901-1.jdbc4.pom
2016-06-21 23:50:15,747 [Worker-10] INFO  o.e.m.c.i.e.AbstractTransferListenerAdapter - Downloaded https://repo.maven.apache.org/maven2/postgresql/postgresql/9.1-901-1.jdbc4/postgresql-9.1-901-1.jdbc4.pom
2016-06-21 23:50:15,837 [Worker-10] INFO  o.e.m.c.i.e.AbstractTransferListenerAdapter - Downloading https://repo.maven.apache.org/maven2/io/dropwizard/modules/dropwizard-java8-jdbi/0.9.0-1/dropwizard-java8-jdbi-0.9.0-1.jar
2016-06-21 23:50:15,874 [Worker-10] INFO  o.e.m.c.i.e.AbstractTransferListenerAdapter - Downloaded https://repo.maven.apache.org/maven2/io/dropwizard/modules/dropwizard-java8-jdbi/0.9.0-1/dropwizard-java8-jdbi-0.9.0-1.jar
2016-06-21 23:50:15,975 [Worker-10] INFO  o.e.m.c.i.e.AbstractTransferListenerAdapter - Downloading https://repo.maven.apache.org/maven2/io/dropwizard/dropwizard-jdbi/0.9.0/dropwizard-jdbi-0.9.0.jar
2016-06-21 23:50:16,023 [Worker-10] INFO  o.e.m.c.i.e.AbstractTransferListenerAdapter - Downloaded https://repo.maven.apache.org/maven2/io/dropwizard/dropwizard-jdbi/0.9.0/dropwizard-jdbi-0.9.0.jar
2016-06-21 23:50:16,056 [Worker-10] INFO  o.e.m.c.i.e.AbstractTransferListenerAdapter - Downloading https://repo.maven.apache.org/maven2/org/jdbi/jdbi/2.63.1/jdbi-2.63.1.jar
2016-06-21 23:50:16,252 [Worker-10] INFO  o.e.m.c.i.e.AbstractTransferListenerAdapter - Downloaded https://repo.maven.apache.org/maven2/org/jdbi/jdbi/2.63.1/jdbi-2.63.1.jar
2016-06-21 23:50:16,287 [Worker-10] INFO  o.e.m.c.i.e.AbstractTransferListenerAdapter - Downloading https://repo.maven.apache.org/maven2/io/dropwizard/metrics/metrics-jdbi/3.1.2/metrics-jdbi-3.1.2.jar
2016-06-21 23:50:16,319 [Worker-10] INFO  o.e.m.c.i.e.AbstractTransferListenerAdapter - Downloaded https://repo.maven.apache.org/maven2/io/dropwizard/metrics/metrics-jdbi/3.1.2/metrics-jdbi-3.1.2.jar
2016-06-21 23:50:16,354 [Worker-10] INFO  o.e.m.c.i.e.AbstractTransferListenerAdapter - Downloading https://repo.maven.apache.org/maven2/io/dropwizard/dropwizard-hibernate/0.9.2/dropwizard-hibernate-0.9.2.jar
2016-06-21 23:50:16,387 [Worker-10] INFO  o.e.m.c.i.e.AbstractTransferListenerAdapter - Downloaded https://repo.maven.apache.org/maven2/io/dropwizard/dropwizard-hibernate/0.9.2/dropwizard-hibernate-0.9.2.jar
2016-06-21 23:50:16,423 [Worker-10] INFO  o.e.m.c.i.e.AbstractTransferListenerAdapter - Downloading https://repo.maven.apache.org/maven2/com/fasterxml/jackson/datatype/jackson-datatype-hibernate4/2.6.3/jackson-datatype-hibernate4-2.6.3.jar
2016-06-21 23:50:16,461 [Worker-10] INFO  o.e.m.c.i.e.AbstractTransferListenerAdapter - Downloaded https://repo.maven.apache.org/maven2/com/fasterxml/jackson/datatype/jackson-datatype-hibernate4/2.6.3/jackson-datatype-hibernate4-2.6.3.jar
2016-06-21 23:50:16,498 [Worker-10] INFO  o.e.m.c.i.e.AbstractTransferListenerAdapter - Downloading https://repo.maven.apache.org/maven2/org/jadira/usertype/usertype.core/4.0.0.GA/usertype.core-4.0.0.GA.jar
2016-06-21 23:50:16,554 [Worker-10] INFO  o.e.m.c.i.e.AbstractTransferListenerAdapter - Downloaded https://repo.maven.apache.org/maven2/org/jadira/usertype/usertype.core/4.0.0.GA/usertype.core-4.0.0.GA.jar
2016-06-21 23:50:16,589 [Worker-10] INFO  o.e.m.c.i.e.AbstractTransferListenerAdapter - Downloading https://repo.maven.apache.org/maven2/org/jadira/usertype/usertype.spi/4.0.0.GA/usertype.spi-4.0.0.GA.jar
2016-06-21 23:50:16,631 [Worker-10] INFO  o.e.m.c.i.e.AbstractTransferListenerAdapter - Downloaded https://repo.maven.apache.org/maven2/org/jadira/usertype/usertype.spi/4.0.0.GA/usertype.spi-4.0.0.GA.jar
2016-06-21 23:50:16,667 [Worker-10] INFO  o.e.m.c.i.e.AbstractTransferListenerAdapter - Downloading https://repo.maven.apache.org/maven2/org/hibernate/hibernate-core/4.3.11.Final/hibernate-core-4.3.11.Final.jar
2016-06-21 23:50:17,178 [Worker-10] INFO  o.e.m.c.i.e.AbstractTransferListenerAdapter - Downloaded https://repo.maven.apache.org/maven2/org/hibernate/hibernate-core/4.3.11.Final/hibernate-core-4.3.11.Final.jar
2016-06-21 23:50:17,214 [Worker-10] INFO  o.e.m.c.i.e.AbstractTransferListenerAdapter - Downloading https://repo.maven.apache.org/maven2/org/jboss/logging/jboss-logging-annotations/1.2.0.Beta1/jboss-logging-annotations-1.2.0.Beta1.jar
2016-06-21 23:50:17,251 [Worker-10] INFO  o.e.m.c.i.e.AbstractTransferListenerAdapter - Downloaded https://repo.maven.apache.org/maven2/org/jboss/logging/jboss-logging-annotations/1.2.0.Beta1/jboss-logging-annotations-1.2.0.Beta1.jar
2016-06-21 23:50:17,285 [Worker-10] INFO  o.e.m.c.i.e.AbstractTransferListenerAdapter - Downloading https://repo.maven.apache.org/maven2/org/jboss/spec/javax/transaction/jboss-transaction-api_1.2_spec/1.0.0.Final/jboss-transaction-api_1.2_spec-1.0.0.Final.jar
2016-06-21 23:50:17,322 [Worker-10] INFO  o.e.m.c.i.e.AbstractTransferListenerAdapter - Downloaded https://repo.maven.apache.org/maven2/org/jboss/spec/javax/transaction/jboss-transaction-api_1.2_spec/1.0.0.Final/jboss-transaction-api_1.2_spec-1.0.0.Final.jar
2016-06-21 23:50:17,358 [Worker-10] INFO  o.e.m.c.i.e.AbstractTransferListenerAdapter - Downloading https://repo.maven.apache.org/maven2/org/hibernate/common/hibernate-commons-annotations/4.0.5.Final/hibernate-commons-annotations-4.0.5.Final.jar
2016-06-21 23:50:17,397 [Worker-10] INFO  o.e.m.c.i.e.AbstractTransferListenerAdapter - Downloaded https://repo.maven.apache.org/maven2/org/hibernate/common/hibernate-commons-annotations/4.0.5.Final/hibernate-commons-annotations-4.0.5.Final.jar
2016-06-21 23:50:17,435 [Worker-10] INFO  o.e.m.c.i.e.AbstractTransferListenerAdapter - Downloading https://repo.maven.apache.org/maven2/org/hibernate/javax/persistence/hibernate-jpa-2.1-api/1.0.0.Final/hibernate-jpa-2.1-api-1.0.0.Final.jar
2016-06-21 23:50:17,475 [Worker-10] INFO  o.e.m.c.i.e.AbstractTransferListenerAdapter - Downloaded https://repo.maven.apache.org/maven2/org/hibernate/javax/persistence/hibernate-jpa-2.1-api/1.0.0.Final/hibernate-jpa-2.1-api-1.0.0.Final.jar
2016-06-21 23:50:17,510 [Worker-10] INFO  o.e.m.c.i.e.AbstractTransferListenerAdapter - Downloading https://repo.maven.apache.org/maven2/antlr/antlr/2.7.7/antlr-2.7.7.jar
2016-06-21 23:50:17,826 [Worker-10] INFO  o.e.m.c.i.e.AbstractTransferListenerAdapter - Downloaded https://repo.maven.apache.org/maven2/antlr/antlr/2.7.7/antlr-2.7.7.jar
2016-06-21 23:50:17,861 [Worker-10] INFO  o.e.m.c.i.e.AbstractTransferListenerAdapter - Downloading https://repo.maven.apache.org/maven2/org/jboss/jandex/1.1.0.Final/jandex-1.1.0.Final.jar
2016-06-21 23:50:17,903 [Worker-10] INFO  o.e.m.c.i.e.AbstractTransferListenerAdapter - Downloaded https://repo.maven.apache.org/maven2/org/jboss/jandex/1.1.0.Final/jandex-1.1.0.Final.jar
2016-06-21 23:50:17,937 [Worker-10] INFO  o.e.m.c.i.e.AbstractTransferListenerAdapter - Downloading https://repo.maven.apache.org/maven2/mysql/mysql-connector-java/5.1.36/mysql-connector-java-5.1.36.jar
2016-06-21 23:50:18,070 [Worker-10] INFO  o.e.m.c.i.e.AbstractTransferListenerAdapter - Downloaded https://repo.maven.apache.org/maven2/mysql/mysql-connector-java/5.1.36/mysql-connector-java-5.1.36.jar
2016-06-21 23:50:18,106 [Worker-10] INFO  o.e.m.c.i.e.AbstractTransferListenerAdapter - Downloading https://repo.maven.apache.org/maven2/postgresql/postgresql/9.1-901-1.jdbc4/postgresql-9.1-901-1.jdbc4.jar
2016-06-21 23:50:18,205 [Worker-10] INFO  o.e.m.c.i.e.AbstractTransferListenerAdapter - Downloaded https://repo.maven.apache.org/maven2/postgresql/postgresql/9.1-901-1.jdbc4/postgresql-9.1-901-1.jdbc4.jar
2016-06-21 23:50:18,669 [Worker-10] INFO  o.e.m.j.i.AbstractJavaProjectConfigurator - Adding source folder /DataBase API/src/main/java
2016-06-21 23:50:18,670 [Worker-10] INFO  o.e.m.j.i.AbstractJavaProjectConfigurator - Adding source folder /DataBase API/src/test/java
2016-06-21 23:50:18,820 [Worker-10] INFO  o.e.m.c.i.p.ProjectConfigurationManager - Imported and configured 1 project(s) in 9 sec
2016-06-21 23:50:19,933 [Worker-12] INFO  o.e.m.c.i.embedder.EclipseLogger - Using 'UTF-8' encoding to copy filtered resources.
2016-06-21 23:50:19,933 [Worker-12] INFO  o.e.m.c.i.embedder.EclipseLogger - skip non existing resourceDirectory /Users/alesyatrubchik/CS5500/betterthanebay/DataBase API/src/main/resources
2016-06-21 23:50:19,935 [Worker-12] INFO  o.e.m.c.i.embedder.EclipseLogger - Using 'UTF-8' encoding to copy filtered resources.
2016-06-21 23:50:19,936 [Worker-12] INFO  o.e.m.c.i.embedder.EclipseLogger - skip non existing resourceDirectory /Users/alesyatrubchik/CS5500/betterthanebay/DataBase API/src/test/resources
2016-06-21 23:52:01,962 [Worker-10] INFO  o.e.m.c.i.embedder.EclipseLogger - Using 'UTF-8' encoding to copy filtered resources.
2016-06-21 23:52:01,963 [Worker-10] INFO  o.e.m.c.i.embedder.EclipseLogger - skip non existing resourceDirectory /Users/alesyatrubchik/CS5500/betterthanebay/DataBase API/src/main/resources
2016-06-21 23:52:01,966 [Worker-10] INFO  o.e.m.c.i.embedder.EclipseLogger - Using 'UTF-8' encoding to copy filtered resources.
2016-06-21 23:52:01,966 [Worker-10] INFO  o.e.m.c.i.embedder.EclipseLogger - skip non existing resourceDirectory /Users/alesyatrubchik/CS5500/betterthanebay/DataBase API/src/test/resources
2016-06-21 23:52:01,983 [Worker-10] INFO  o.e.m.c.i.embedder.EclipseLogger - Using 'UTF-8' encoding to copy filtered resources.
2016-06-21 23:52:01,983 [Worker-10] INFO  o.e.m.c.i.embedder.EclipseLogger - skip non existing resourceDirectory /Users/alesyatrubchik/CS5500/betterthanebay/java classes/src/main/resources
2016-06-21 23:52:01,985 [Worker-10] INFO  o.e.m.c.i.embedder.EclipseLogger - Using 'UTF-8' encoding to copy filtered resources.
2016-06-21 23:52:01,985 [Worker-10] INFO  o.e.m.c.i.embedder.EclipseLogger - skip non existing resourceDirectory /Users/alesyatrubchik/CS5500/betterthanebay/java classes/src/test/resources
2016-06-21 23:53:11,355 [Worker-14] INFO  o.e.m.c.i.embedder.EclipseLogger - Using 'UTF-8' encoding to copy filtered resources.
2016-06-21 23:53:11,356 [Worker-14] INFO  o.e.m.c.i.embedder.EclipseLogger - skip non existing resourceDirectory /Users/alesyatrubchik/CS5500/betterthanebay/java classes/src/main/resources
2016-06-21 23:53:11,357 [Worker-14] INFO  o.e.m.c.i.embedder.EclipseLogger - Using 'UTF-8' encoding to copy filtered resources.
2016-06-21 23:53:11,357 [Worker-14] INFO  o.e.m.c.i.embedder.EclipseLogger - skip non existing resourceDirectory /Users/alesyatrubchik/CS5500/betterthanebay/java classes/src/test/resources
2016-06-21 23:53:47,670 [Worker-14] INFO  o.e.m.c.i.embedder.EclipseLogger - Using 'UTF-8' encoding to copy filtered resources.
2016-06-21 23:53:47,670 [Worker-14] INFO  o.e.m.c.i.embedder.EclipseLogger - skip non existing resourceDirectory /Users/alesyatrubchik/CS5500/betterthanebay/java classes/src/main/resources
2016-06-21 23:53:47,671 [Worker-14] INFO  o.e.m.c.i.embedder.EclipseLogger - Using 'UTF-8' encoding to copy filtered resources.
2016-06-21 23:53:47,671 [Worker-14] INFO  o.e.m.c.i.embedder.EclipseLogger - skip non existing resourceDirectory /Users/alesyatrubchik/CS5500/betterthanebay/java classes/src/test/resources
2016-06-21 23:55:51,011 [Worker-0] INFO  o.e.m.c.i.embedder.EclipseLogger - Using 'UTF-8' encoding to copy filtered resources.
2016-06-21 23:55:51,011 [Worker-0] INFO  o.e.m.c.i.embedder.EclipseLogger - skip non existing resourceDirectory /Users/alesyatrubchik/CS5500/betterthanebay/java classes/src/main/resources
2016-06-21 23:55:51,013 [Worker-0] INFO  o.e.m.c.i.embedder.EclipseLogger - Using 'UTF-8' encoding to copy filtered resources.
2016-06-21 23:55:51,013 [Worker-0] INFO  o.e.m.c.i.embedder.EclipseLogger - skip non existing resourceDirectory /Users/alesyatrubchik/CS5500/betterthanebay/java classes/src/test/resources
2016-06-22 00:01:50,945 [Worker-18] INFO  o.e.m.c.i.embedder.EclipseLogger - Using 'UTF-8' encoding to copy filtered resources.
2016-06-22 00:01:50,950 [Worker-18] INFO  o.e.m.c.i.embedder.EclipseLogger - skip non existing resourceDirectory /Users/alesyatrubchik/CS5500/betterthanebay/java classes/src/main/resources
2016-06-22 00:01:50,953 [Worker-18] INFO  o.e.m.c.i.embedder.EclipseLogger - Using 'UTF-8' encoding to copy filtered resources.
2016-06-22 00:01:50,954 [Worker-18] INFO  o.e.m.c.i.embedder.EclipseLogger - skip non existing resourceDirectory /Users/alesyatrubchik/CS5500/betterthanebay/java classes/src/test/resources
2016-06-22 00:02:11,140 [Worker-18] INFO  o.e.m.c.i.embedder.EclipseLogger - Using 'UTF-8' encoding to copy filtered resources.
2016-06-22 00:02:11,140 [Worker-18] INFO  o.e.m.c.i.embedder.EclipseLogger - skip non existing resourceDirectory /Users/alesyatrubchik/CS5500/betterthanebay/java classes/src/main/resources
2016-06-22 00:02:11,142 [Worker-18] INFO  o.e.m.c.i.embedder.EclipseLogger - Using 'UTF-8' encoding to copy filtered resources.
2016-06-22 00:02:11,142 [Worker-18] INFO  o.e.m.c.i.embedder.EclipseLogger - skip non existing resourceDirectory /Users/alesyatrubchik/CS5500/betterthanebay/java classes/src/test/resources
2016-06-22 00:02:33,339 [Worker-17] INFO  o.e.m.c.i.embedder.EclipseLogger - Using 'UTF-8' encoding to copy filtered resources.
2016-06-22 00:02:33,340 [Worker-17] INFO  o.e.m.c.i.embedder.EclipseLogger - skip non existing resourceDirectory /Users/alesyatrubchik/CS5500/betterthanebay/java classes/src/main/resources
2016-06-22 00:02:33,340 [Worker-17] INFO  o.e.m.c.i.embedder.EclipseLogger - Using 'UTF-8' encoding to copy filtered resources.
2016-06-22 00:02:33,341 [Worker-17] INFO  o.e.m.c.i.embedder.EclipseLogger - skip non existing resourceDirectory /Users/alesyatrubchik/CS5500/betterthanebay/java classes/src/test/resources
2016-06-22 00:02:48,197 [Worker-0] INFO  o.e.m.c.i.embedder.EclipseLogger - Using 'UTF-8' encoding to copy filtered resources.
2016-06-22 00:02:48,197 [Worker-0] INFO  o.e.m.c.i.embedder.EclipseLogger - skip non existing resourceDirectory /Users/alesyatrubchik/CS5500/betterthanebay/java classes/src/main/resources
2016-06-22 00:02:48,198 [Worker-0] INFO  o.e.m.c.i.embedder.EclipseLogger - Using 'UTF-8' encoding to copy filtered resources.
2016-06-22 00:02:48,199 [Worker-0] INFO  o.e.m.c.i.embedder.EclipseLogger - skip non existing resourceDirectory /Users/alesyatrubchik/CS5500/betterthanebay/java classes/src/test/resources
2016-06-22 00:03:39,301 [Worker-20] INFO  o.e.m.c.i.embedder.EclipseLogger - Using 'UTF-8' encoding to copy filtered resources.
2016-06-22 00:03:39,302 [Worker-20] INFO  o.e.m.c.i.embedder.EclipseLogger - skip non existing resourceDirectory /Users/alesyatrubchik/CS5500/betterthanebay/java classes/src/main/resources
2016-06-22 00:03:39,303 [Worker-20] INFO  o.e.m.c.i.embedder.EclipseLogger - Using 'UTF-8' encoding to copy filtered resources.
2016-06-22 00:03:39,303 [Worker-20] INFO  o.e.m.c.i.embedder.EclipseLogger - skip non existing resourceDirectory /Users/alesyatrubchik/CS5500/betterthanebay/java classes/src/test/resources
2016-06-22 00:03:58,551 [Worker-2] INFO  o.e.m.c.i.embedder.EclipseLogger - Using 'UTF-8' encoding to copy filtered resources.
2016-06-22 00:03:58,552 [Worker-2] INFO  o.e.m.c.i.embedder.EclipseLogger - skip non existing resourceDirectory /Users/alesyatrubchik/CS5500/betterthanebay/java classes/src/main/resources
2016-06-22 00:03:58,554 [Worker-2] INFO  o.e.m.c.i.embedder.EclipseLogger - Using 'UTF-8' encoding to copy filtered resources.
2016-06-22 00:03:58,554 [Worker-2] INFO  o.e.m.c.i.embedder.EclipseLogger - skip non existing resourceDirectory /Users/alesyatrubchik/CS5500/betterthanebay/java classes/src/test/resources
2016-06-22 00:04:07,716 [Worker-2] INFO  o.e.m.c.i.embedder.EclipseLogger - Using 'UTF-8' encoding to copy filtered resources.
2016-06-22 00:04:07,716 [Worker-2] INFO  o.e.m.c.i.embedder.EclipseLogger - skip non existing resourceDirectory /Users/alesyatrubchik/CS5500/betterthanebay/java classes/src/main/resources
2016-06-22 00:04:07,718 [Worker-2] INFO  o.e.m.c.i.embedder.EclipseLogger - Using 'UTF-8' encoding to copy filtered resources.
2016-06-22 00:04:07,718 [Worker-2] INFO  o.e.m.c.i.embedder.EclipseLogger - skip non existing resourceDirectory /Users/alesyatrubchik/CS5500/betterthanebay/java classes/src/test/resources
2016-06-22 00:04:34,176 [Worker-17] INFO  o.e.m.c.i.embedder.EclipseLogger - Using 'UTF-8' encoding to copy filtered resources.
2016-06-22 00:04:34,176 [Worker-17] INFO  o.e.m.c.i.embedder.EclipseLogger - skip non existing resourceDirectory /Users/alesyatrubchik/CS5500/betterthanebay/java classes/src/main/resources
2016-06-22 00:04:34,178 [Worker-17] INFO  o.e.m.c.i.embedder.EclipseLogger - Using 'UTF-8' encoding to copy filtered resources.
2016-06-22 00:04:34,178 [Worker-17] INFO  o.e.m.c.i.embedder.EclipseLogger - skip non existing resourceDirectory /Users/alesyatrubchik/CS5500/betterthanebay/java classes/src/test/resources
2016-06-22 00:04:53,081 [Worker-2] INFO  o.e.m.c.i.embedder.EclipseLogger - Using 'UTF-8' encoding to copy filtered resources.
2016-06-22 00:04:53,081 [Worker-2] INFO  o.e.m.c.i.embedder.EclipseLogger - skip non existing resourceDirectory /Users/alesyatrubchik/CS5500/betterthanebay/java classes/src/main/resources
2016-06-22 00:04:53,087 [Worker-2] INFO  o.e.m.c.i.embedder.EclipseLogger - Using 'UTF-8' encoding to copy filtered resources.
2016-06-22 00:04:53,087 [Worker-2] INFO  o.e.m.c.i.embedder.EclipseLogger - skip non existing resourceDirectory /Users/alesyatrubchik/CS5500/betterthanebay/java classes/src/test/resources
2016-06-22 00:05:09,358 [Worker-18] INFO  o.e.m.c.i.embedder.EclipseLogger - Using 'UTF-8' encoding to copy filtered resources.
2016-06-22 00:05:09,358 [Worker-18] INFO  o.e.m.c.i.embedder.EclipseLogger - skip non existing resourceDirectory /Users/alesyatrubchik/CS5500/betterthanebay/java classes/src/main/resources
2016-06-22 00:05:09,360 [Worker-18] INFO  o.e.m.c.i.embedder.EclipseLogger - Using 'UTF-8' encoding to copy filtered resources.
2016-06-22 00:05:09,360 [Worker-18] INFO  o.e.m.c.i.embedder.EclipseLogger - skip non existing resourceDirectory /Users/alesyatrubchik/CS5500/betterthanebay/java classes/src/test/resources
2016-06-22 00:05:23,892 [Worker-0] INFO  o.e.m.c.i.embedder.EclipseLogger - Using 'UTF-8' encoding to copy filtered resources.
2016-06-22 00:05:23,892 [Worker-0] INFO  o.e.m.c.i.embedder.EclipseLogger - skip non existing resourceDirectory /Users/alesyatrubchik/CS5500/betterthanebay/java classes/src/main/resources
2016-06-22 00:05:23,893 [Worker-0] INFO  o.e.m.c.i.embedder.EclipseLogger - Using 'UTF-8' encoding to copy filtered resources.
2016-06-22 00:05:23,893 [Worker-0] INFO  o.e.m.c.i.embedder.EclipseLogger - skip non existing resourceDirectory /Users/alesyatrubchik/CS5500/betterthanebay/java classes/src/test/resources
2016-06-22 00:06:18,510 [Worker-17] INFO  o.e.m.c.i.embedder.EclipseLogger - Using 'UTF-8' encoding to copy filtered resources.
2016-06-22 00:06:18,511 [Worker-17] INFO  o.e.m.c.i.embedder.EclipseLogger - skip non existing resourceDirectory /Users/alesyatrubchik/CS5500/betterthanebay/java classes/src/main/resources
2016-06-22 00:06:18,512 [Worker-17] INFO  o.e.m.c.i.embedder.EclipseLogger - Using 'UTF-8' encoding to copy filtered resources.
2016-06-22 00:06:18,512 [Worker-17] INFO  o.e.m.c.i.embedder.EclipseLogger - skip non existing resourceDirectory /Users/alesyatrubchik/CS5500/betterthanebay/java classes/src/test/resources
2016-06-22 00:13:13,304 [Worker-23] INFO  o.e.m.c.i.embedder.EclipseLogger - Using 'UTF-8' encoding to copy filtered resources.
2016-06-22 00:13:13,305 [Worker-23] INFO  o.e.m.c.i.embedder.EclipseLogger - skip non existing resourceDirectory /Users/alesyatrubchik/CS5500/betterthanebay/java classes/src/main/resources
2016-06-22 00:13:13,306 [Worker-23] INFO  o.e.m.c.i.embedder.EclipseLogger - Using 'UTF-8' encoding to copy filtered resources.
2016-06-22 00:13:13,306 [Worker-23] INFO  o.e.m.c.i.embedder.EclipseLogger - skip non existing resourceDirectory /Users/alesyatrubchik/CS5500/betterthanebay/java classes/src/test/resources
2016-06-22 00:14:11,566 [Worker-20] INFO  o.e.m.c.i.embedder.EclipseLogger - Using 'UTF-8' encoding to copy filtered resources.
2016-06-22 00:14:11,567 [Worker-20] INFO  o.e.m.c.i.embedder.EclipseLogger - skip non existing resourceDirectory /Users/alesyatrubchik/CS5500/betterthanebay/java classes/src/main/resources
2016-06-22 00:14:11,568 [Worker-20] INFO  o.e.m.c.i.embedder.EclipseLogger - Using 'UTF-8' encoding to copy filtered resources.
2016-06-22 00:14:11,568 [Worker-20] INFO  o.e.m.c.i.embedder.EclipseLogger - skip non existing resourceDirectory /Users/alesyatrubchik/CS5500/betterthanebay/java classes/src/test/resources
2016-06-22 00:18:40,279 [Worker-23] INFO  o.e.m.c.i.embedder.EclipseLogger - Using 'UTF-8' encoding to copy filtered resources.
2016-06-22 00:18:40,280 [Worker-23] INFO  o.e.m.c.i.embedder.EclipseLogger - skip non existing resourceDirectory /Users/alesyatrubchik/CS5500/betterthanebay/java classes/src/main/resources
2016-06-22 00:18:40,281 [Worker-23] INFO  o.e.m.c.i.embedder.EclipseLogger - Using 'UTF-8' encoding to copy filtered resources.
2016-06-22 00:18:40,281 [Worker-23] INFO  o.e.m.c.i.embedder.EclipseLogger - skip non existing resourceDirectory /Users/alesyatrubchik/CS5500/betterthanebay/java classes/src/test/resources
2016-06-22 00:19:09,169 [Worker-22] INFO  o.e.m.c.i.embedder.EclipseLogger - Using 'UTF-8' encoding to copy filtered resources.
2016-06-22 00:19:09,169 [Worker-22] INFO  o.e.m.c.i.embedder.EclipseLogger - skip non existing resourceDirectory /Users/alesyatrubchik/CS5500/betterthanebay/java classes/src/main/resources
2016-06-22 00:19:09,170 [Worker-22] INFO  o.e.m.c.i.embedder.EclipseLogger - Using 'UTF-8' encoding to copy filtered resources.
2016-06-22 00:19:09,170 [Worker-22] INFO  o.e.m.c.i.embedder.EclipseLogger - skip non existing resourceDirectory /Users/alesyatrubchik/CS5500/betterthanebay/java classes/src/test/resources
2016-06-22 00:19:15,208 [Worker-23] INFO  o.e.m.c.i.embedder.EclipseLogger - Using 'UTF-8' encoding to copy filtered resources.
2016-06-22 00:19:15,209 [Worker-23] INFO  o.e.m.c.i.embedder.EclipseLogger - skip non existing resourceDirectory /Users/alesyatrubchik/CS5500/betterthanebay/java classes/src/main/resources
2016-06-22 00:19:15,210 [Worker-23] INFO  o.e.m.c.i.embedder.EclipseLogger - Using 'UTF-8' encoding to copy filtered resources.
2016-06-22 00:19:15,210 [Worker-23] INFO  o.e.m.c.i.embedder.EclipseLogger - skip non existing resourceDirectory /Users/alesyatrubchik/CS5500/betterthanebay/java classes/src/test/resources
2016-06-22 00:20:52,084 [Worker-21] INFO  o.e.m.c.i.embedder.EclipseLogger - Using 'UTF-8' encoding to copy filtered resources.
2016-06-22 00:20:52,085 [Worker-21] INFO  o.e.m.c.i.embedder.EclipseLogger - skip non existing resourceDirectory /Users/alesyatrubchik/CS5500/betterthanebay/java classes/src/main/resources
2016-06-22 00:20:52,086 [Worker-21] INFO  o.e.m.c.i.embedder.EclipseLogger - Using 'UTF-8' encoding to copy filtered resources.
2016-06-22 00:20:52,086 [Worker-21] INFO  o.e.m.c.i.embedder.EclipseLogger - skip non existing resourceDirectory /Users/alesyatrubchik/CS5500/betterthanebay/java classes/src/test/resources
2016-06-22 00:22:15,803 [Worker-24] INFO  o.e.m.c.i.embedder.EclipseLogger - Using 'UTF-8' encoding to copy filtered resources.
2016-06-22 00:22:15,804 [Worker-24] INFO  o.e.m.c.i.embedder.EclipseLogger - skip non existing resourceDirectory /Users/alesyatrubchik/CS5500/betterthanebay/java classes/src/main/resources
2016-06-22 00:22:15,805 [Worker-24] INFO  o.e.m.c.i.embedder.EclipseLogger - Using 'UTF-8' encoding to copy filtered resources.
2016-06-22 00:22:15,805 [Worker-24] INFO  o.e.m.c.i.embedder.EclipseLogger - skip non existing resourceDirectory /Users/alesyatrubchik/CS5500/betterthanebay/java classes/src/test/resources
2016-06-22 00:34:37,938 [Worker-24] INFO  o.e.m.c.i.embedder.EclipseLogger - Using 'UTF-8' encoding to copy filtered resources.
2016-06-22 00:34:37,940 [Worker-24] INFO  o.e.m.c.i.embedder.EclipseLogger - skip non existing resourceDirectory /Users/alesyatrubchik/CS5500/betterthanebay/java classes/src/main/resources
2016-06-22 00:34:37,941 [Worker-24] INFO  o.e.m.c.i.embedder.EclipseLogger - Using 'UTF-8' encoding to copy filtered resources.
2016-06-22 00:34:37,942 [Worker-24] INFO  o.e.m.c.i.embedder.EclipseLogger - skip non existing resourceDirectory /Users/alesyatrubchik/CS5500/betterthanebay/java classes/src/test/resources
2016-06-22 00:49:28,562 [Worker-35] INFO  o.e.m.c.i.embedder.EclipseLogger - Using 'UTF-8' encoding to copy filtered resources.
2016-06-22 00:49:28,563 [Worker-35] INFO  o.e.m.c.i.embedder.EclipseLogger - skip non existing resourceDirectory /Users/alesyatrubchik/CS5500/betterthanebay/java classes/src/main/resources
2016-06-22 00:49:28,564 [Worker-35] INFO  o.e.m.c.i.embedder.EclipseLogger - Using 'UTF-8' encoding to copy filtered resources.
2016-06-22 00:49:28,564 [Worker-35] INFO  o.e.m.c.i.embedder.EclipseLogger - skip non existing resourceDirectory /Users/alesyatrubchik/CS5500/betterthanebay/java classes/src/test/resources
2016-06-22 00:49:40,162 [Worker-28] INFO  o.e.m.c.i.embedder.EclipseLogger - Using 'UTF-8' encoding to copy filtered resources.
2016-06-22 00:49:40,162 [Worker-28] INFO  o.e.m.c.i.embedder.EclipseLogger - skip non existing resourceDirectory /Users/alesyatrubchik/CS5500/betterthanebay/java classes/src/main/resources
2016-06-22 00:49:40,164 [Worker-28] INFO  o.e.m.c.i.embedder.EclipseLogger - Using 'UTF-8' encoding to copy filtered resources.
2016-06-22 00:49:40,164 [Worker-28] INFO  o.e.m.c.i.embedder.EclipseLogger - skip non existing resourceDirectory /Users/alesyatrubchik/CS5500/betterthanebay/java classes/src/test/resources
2016-06-22 00:49:49,467 [Worker-34] INFO  o.e.m.c.i.embedder.EclipseLogger - Using 'UTF-8' encoding to copy filtered resources.
2016-06-22 00:49:49,467 [Worker-34] INFO  o.e.m.c.i.embedder.EclipseLogger - skip non existing resourceDirectory /Users/alesyatrubchik/CS5500/betterthanebay/java classes/src/main/resources
2016-06-22 00:49:49,468 [Worker-34] INFO  o.e.m.c.i.embedder.EclipseLogger - Using 'UTF-8' encoding to copy filtered resources.
2016-06-22 00:49:49,469 [Worker-34] INFO  o.e.m.c.i.embedder.EclipseLogger - skip non existing resourceDirectory /Users/alesyatrubchik/CS5500/betterthanebay/java classes/src/test/resources
2016-06-22 00:49:57,888 [Worker-35] INFO  o.e.m.c.i.embedder.EclipseLogger - Using 'UTF-8' encoding to copy filtered resources.
2016-06-22 00:49:57,888 [Worker-35] INFO  o.e.m.c.i.embedder.EclipseLogger - skip non existing resourceDirectory /Users/alesyatrubchik/CS5500/betterthanebay/java classes/src/main/resources
2016-06-22 00:49:57,889 [Worker-35] INFO  o.e.m.c.i.embedder.EclipseLogger - Using 'UTF-8' encoding to copy filtered resources.
2016-06-22 00:49:57,889 [Worker-35] INFO  o.e.m.c.i.embedder.EclipseLogger - skip non existing resourceDirectory /Users/alesyatrubchik/CS5500/betterthanebay/java classes/src/test/resources
2016-06-22 00:50:28,476 [Worker-37] INFO  o.e.m.c.i.embedder.EclipseLogger - Using 'UTF-8' encoding to copy filtered resources.
2016-06-22 00:50:28,476 [Worker-37] INFO  o.e.m.c.i.embedder.EclipseLogger - skip non existing resourceDirectory /Users/alesyatrubchik/CS5500/betterthanebay/java classes/src/main/resources
2016-06-22 00:50:28,477 [Worker-37] INFO  o.e.m.c.i.embedder.EclipseLogger - Using 'UTF-8' encoding to copy filtered resources.
2016-06-22 00:50:28,478 [Worker-37] INFO  o.e.m.c.i.embedder.EclipseLogger - skip non existing resourceDirectory /Users/alesyatrubchik/CS5500/betterthanebay/java classes/src/test/resources
2016-06-22 00:51:32,294 [Worker-36] INFO  o.e.m.c.i.embedder.EclipseLogger - Using 'UTF-8' encoding to copy filtered resources.
2016-06-22 00:51:32,296 [Worker-36] INFO  o.e.m.c.i.embedder.EclipseLogger - skip non existing resourceDirectory /Users/alesyatrubchik/CS5500/betterthanebay/java classes/src/main/resources
2016-06-22 00:51:32,298 [Worker-36] INFO  o.e.m.c.i.embedder.EclipseLogger - Using 'UTF-8' encoding to copy filtered resources.
2016-06-22 00:51:32,298 [Worker-36] INFO  o.e.m.c.i.embedder.EclipseLogger - skip non existing resourceDirectory /Users/alesyatrubchik/CS5500/betterthanebay/java classes/src/test/resources
2016-06-22 00:51:40,442 [Worker-28] INFO  o.e.m.c.i.embedder.EclipseLogger - Using 'UTF-8' encoding to copy filtered resources.
2016-06-22 00:51:40,442 [Worker-28] INFO  o.e.m.c.i.embedder.EclipseLogger - skip non existing resourceDirectory /Users/alesyatrubchik/CS5500/betterthanebay/java classes/src/main/resources
2016-06-22 00:51:40,443 [Worker-28] INFO  o.e.m.c.i.embedder.EclipseLogger - Using 'UTF-8' encoding to copy filtered resources.
2016-06-22 00:51:40,443 [Worker-28] INFO  o.e.m.c.i.embedder.EclipseLogger - skip non existing resourceDirectory /Users/alesyatrubchik/CS5500/betterthanebay/java classes/src/test/resources
2016-06-22 00:51:59,406 [Worker-28] INFO  o.e.m.c.i.embedder.EclipseLogger - Using 'UTF-8' encoding to copy filtered resources.
2016-06-22 00:51:59,406 [Worker-28] INFO  o.e.m.c.i.embedder.EclipseLogger - skip non existing resourceDirectory /Users/alesyatrubchik/CS5500/betterthanebay/java classes/src/main/resources
2016-06-22 00:51:59,409 [Worker-28] INFO  o.e.m.c.i.embedder.EclipseLogger - Using 'UTF-8' encoding to copy filtered resources.
2016-06-22 00:51:59,409 [Worker-28] INFO  o.e.m.c.i.embedder.EclipseLogger - skip non existing resourceDirectory /Users/alesyatrubchik/CS5500/betterthanebay/java classes/src/test/resources
2016-06-22 00:52:15,642 [Worker-35] INFO  o.e.m.c.i.embedder.EclipseLogger - Using 'UTF-8' encoding to copy filtered resources.
2016-06-22 00:52:15,642 [Worker-35] INFO  o.e.m.c.i.embedder.EclipseLogger - skip non existing resourceDirectory /Users/alesyatrubchik/CS5500/betterthanebay/java classes/src/main/resources
2016-06-22 00:52:15,644 [Worker-35] INFO  o.e.m.c.i.embedder.EclipseLogger - Using 'UTF-8' encoding to copy filtered resources.
2016-06-22 00:52:15,644 [Worker-35] INFO  o.e.m.c.i.embedder.EclipseLogger - skip non existing resourceDirectory /Users/alesyatrubchik/CS5500/betterthanebay/java classes/src/test/resources
2016-06-22 12:22:31,633 [Worker-102] INFO  o.e.m.c.i.embedder.EclipseLogger - Using 'UTF-8' encoding to copy filtered resources.
2016-06-22 12:22:31,634 [Worker-102] INFO  o.e.m.c.i.embedder.EclipseLogger - skip non existing resourceDirectory /Users/alesyatrubchik/CS5500/betterthanebay/java classes/src/main/resources
2016-06-22 12:22:31,636 [Worker-102] INFO  o.e.m.c.i.embedder.EclipseLogger - Using 'UTF-8' encoding to copy filtered resources.
2016-06-22 12:22:31,636 [Worker-102] INFO  o.e.m.c.i.embedder.EclipseLogger - skip non existing resourceDirectory /Users/alesyatrubchik/CS5500/betterthanebay/java classes/src/test/resources
2016-06-22 12:30:07,047 [Worker-101] INFO  o.e.m.c.i.embedder.EclipseLogger - Using 'UTF-8' encoding to copy filtered resources.
2016-06-22 12:30:07,047 [Worker-101] INFO  o.e.m.c.i.embedder.EclipseLogger - skip non existing resourceDirectory /Users/alesyatrubchik/CS5500/betterthanebay/java classes/src/main/resources
2016-06-22 12:30:07,048 [Worker-101] INFO  o.e.m.c.i.embedder.EclipseLogger - Using 'UTF-8' encoding to copy filtered resources.
2016-06-22 12:30:07,049 [Worker-101] INFO  o.e.m.c.i.embedder.EclipseLogger - skip non existing resourceDirectory /Users/alesyatrubchik/CS5500/betterthanebay/java classes/src/test/resources
2016-06-22 12:34:46,515 [Worker-106] INFO  o.e.m.c.i.embedder.EclipseLogger - Using 'UTF-8' encoding to copy filtered resources.
2016-06-22 12:34:46,515 [Worker-106] INFO  o.e.m.c.i.embedder.EclipseLogger - skip non existing resourceDirectory /Users/alesyatrubchik/CS5500/betterthanebay/java classes/src/main/resources
2016-06-22 12:34:46,517 [Worker-106] INFO  o.e.m.c.i.embedder.EclipseLogger - Using 'UTF-8' encoding to copy filtered resources.
2016-06-22 12:34:46,517 [Worker-106] INFO  o.e.m.c.i.embedder.EclipseLogger - skip non existing resourceDirectory /Users/alesyatrubchik/CS5500/betterthanebay/java classes/src/test/resources
2016-06-22 12:36:15,459 [Worker-107] INFO  o.e.m.c.i.embedder.EclipseLogger - Using 'UTF-8' encoding to copy filtered resources.
2016-06-22 12:36:15,460 [Worker-107] INFO  o.e.m.c.i.embedder.EclipseLogger - skip non existing resourceDirectory /Users/alesyatrubchik/CS5500/betterthanebay/java classes/src/main/resources
2016-06-22 12:36:15,461 [Worker-107] INFO  o.e.m.c.i.embedder.EclipseLogger - Using 'UTF-8' encoding to copy filtered resources.
2016-06-22 12:36:15,461 [Worker-107] INFO  o.e.m.c.i.embedder.EclipseLogger - skip non existing resourceDirectory /Users/alesyatrubchik/CS5500/betterthanebay/java classes/src/test/resources
2016-06-22 12:39:54,154 [Worker-109] INFO  o.e.m.c.i.embedder.EclipseLogger - Using 'UTF-8' encoding to copy filtered resources.
2016-06-22 12:39:54,157 [Worker-109] INFO  o.e.m.c.i.embedder.EclipseLogger - skip non existing resourceDirectory /Users/alesyatrubchik/CS5500/betterthanebay/java classes/src/main/resources
2016-06-22 12:39:54,159 [Worker-109] INFO  o.e.m.c.i.embedder.EclipseLogger - Using 'UTF-8' encoding to copy filtered resources.
2016-06-22 12:39:54,159 [Worker-109] INFO  o.e.m.c.i.embedder.EclipseLogger - skip non existing resourceDirectory /Users/alesyatrubchik/CS5500/betterthanebay/java classes/src/test/resources
2016-06-22 12:44:25,463 [Worker-110] INFO  o.e.m.c.i.embedder.EclipseLogger - Using 'UTF-8' encoding to copy filtered resources.
2016-06-22 12:44:25,463 [Worker-110] INFO  o.e.m.c.i.embedder.EclipseLogger - skip non existing resourceDirectory /Users/alesyatrubchik/CS5500/betterthanebay/java classes/src/main/resources
2016-06-22 12:44:25,464 [Worker-110] INFO  o.e.m.c.i.embedder.EclipseLogger - Using 'UTF-8' encoding to copy filtered resources.
2016-06-22 12:44:25,465 [Worker-110] INFO  o.e.m.c.i.embedder.EclipseLogger - skip non existing resourceDirectory /Users/alesyatrubchik/CS5500/betterthanebay/java classes/src/test/resources
2016-06-22 12:44:52,804 [Worker-111] INFO  o.e.m.c.i.embedder.EclipseLogger - Using 'UTF-8' encoding to copy filtered resources.
2016-06-22 12:44:52,804 [Worker-111] INFO  o.e.m.c.i.embedder.EclipseLogger - skip non existing resourceDirectory /Users/alesyatrubchik/CS5500/betterthanebay/java classes/src/main/resources
2016-06-22 12:44:52,806 [Worker-111] INFO  o.e.m.c.i.embedder.EclipseLogger - Using 'UTF-8' encoding to copy filtered resources.
2016-06-22 12:44:52,806 [Worker-111] INFO  o.e.m.c.i.embedder.EclipseLogger - skip non existing resourceDirectory /Users/alesyatrubchik/CS5500/betterthanebay/java classes/src/test/resources
2016-06-22 12:45:28,618 [Worker-109] INFO  o.e.m.c.i.embedder.EclipseLogger - Using 'UTF-8' encoding to copy filtered resources.
2016-06-22 12:45:28,618 [Worker-109] INFO  o.e.m.c.i.embedder.EclipseLogger - skip non existing resourceDirectory /Users/alesyatrubchik/CS5500/betterthanebay/java classes/src/main/resources
2016-06-22 12:45:28,622 [Worker-109] INFO  o.e.m.c.i.embedder.EclipseLogger - Using 'UTF-8' encoding to copy filtered resources.
2016-06-22 12:45:28,622 [Worker-109] INFO  o.e.m.c.i.embedder.EclipseLogger - skip non existing resourceDirectory /Users/alesyatrubchik/CS5500/betterthanebay/java classes/src/test/resources
2016-06-22 12:47:08,772 [Worker-104] INFO  o.e.m.c.i.embedder.EclipseLogger - Using 'UTF-8' encoding to copy filtered resources.
2016-06-22 12:47:08,772 [Worker-104] INFO  o.e.m.c.i.embedder.EclipseLogger - skip non existing resourceDirectory /Users/alesyatrubchik/CS5500/betterthanebay/java classes/src/main/resources
2016-06-22 12:47:08,773 [Worker-104] INFO  o.e.m.c.i.embedder.EclipseLogger - Using 'UTF-8' encoding to copy filtered resources.
2016-06-22 12:47:08,773 [Worker-104] INFO  o.e.m.c.i.embedder.EclipseLogger - skip non existing resourceDirectory /Users/alesyatrubchik/CS5500/betterthanebay/java classes/src/test/resources
2016-06-22 12:47:17,532 [Worker-111] INFO  o.e.m.c.i.embedder.EclipseLogger - Using 'UTF-8' encoding to copy filtered resources.
2016-06-22 12:47:17,532 [Worker-111] INFO  o.e.m.c.i.embedder.EclipseLogger - skip non existing resourceDirectory /Users/alesyatrubchik/CS5500/betterthanebay/java classes/src/main/resources
2016-06-22 12:47:17,533 [Worker-111] INFO  o.e.m.c.i.embedder.EclipseLogger - Using 'UTF-8' encoding to copy filtered resources.
2016-06-22 12:47:17,533 [Worker-111] INFO  o.e.m.c.i.embedder.EclipseLogger - skip non existing resourceDirectory /Users/alesyatrubchik/CS5500/betterthanebay/java classes/src/test/resources
2016-06-22 12:47:28,903 [Worker-110] INFO  o.e.m.c.i.embedder.EclipseLogger - Using 'UTF-8' encoding to copy filtered resources.
2016-06-22 12:47:28,903 [Worker-110] INFO  o.e.m.c.i.embedder.EclipseLogger - skip non existing resourceDirectory /Users/alesyatrubchik/CS5500/betterthanebay/java classes/src/main/resources
2016-06-22 12:47:28,904 [Worker-110] INFO  o.e.m.c.i.embedder.EclipseLogger - Using 'UTF-8' encoding to copy filtered resources.
2016-06-22 12:47:28,904 [Worker-110] INFO  o.e.m.c.i.embedder.EclipseLogger - skip non existing resourceDirectory /Users/alesyatrubchik/CS5500/betterthanebay/java classes/src/test/resources
2016-06-22 12:48:18,330 [Worker-108] INFO  o.e.m.c.i.embedder.EclipseLogger - Using 'UTF-8' encoding to copy filtered resources.
2016-06-22 12:48:18,330 [Worker-108] INFO  o.e.m.c.i.embedder.EclipseLogger - skip non existing resourceDirectory /Users/alesyatrubchik/CS5500/betterthanebay/java classes/src/main/resources
2016-06-22 12:48:18,331 [Worker-108] INFO  o.e.m.c.i.embedder.EclipseLogger - Using 'UTF-8' encoding to copy filtered resources.
2016-06-22 12:48:18,331 [Worker-108] INFO  o.e.m.c.i.embedder.EclipseLogger - skip non existing resourceDirectory /Users/alesyatrubchik/CS5500/betterthanebay/java classes/src/test/resources
2016-06-22 12:48:40,059 [Worker-108] INFO  o.e.m.c.i.embedder.EclipseLogger - Using 'UTF-8' encoding to copy filtered resources.
2016-06-22 12:48:40,059 [Worker-108] INFO  o.e.m.c.i.embedder.EclipseLogger - skip non existing resourceDirectory /Users/alesyatrubchik/CS5500/betterthanebay/java classes/src/main/resources
2016-06-22 12:48:40,060 [Worker-108] INFO  o.e.m.c.i.embedder.EclipseLogger - Using 'UTF-8' encoding to copy filtered resources.
2016-06-22 12:48:40,061 [Worker-108] INFO  o.e.m.c.i.embedder.EclipseLogger - skip non existing resourceDirectory /Users/alesyatrubchik/CS5500/betterthanebay/java classes/src/test/resources
2016-06-22 12:49:16,133 [Worker-110] INFO  o.e.m.c.i.embedder.EclipseLogger - Using 'UTF-8' encoding to copy filtered resources.
2016-06-22 12:49:16,133 [Worker-110] INFO  o.e.m.c.i.embedder.EclipseLogger - skip non existing resourceDirectory /Users/alesyatrubchik/CS5500/betterthanebay/java classes/src/main/resources
2016-06-22 12:49:16,134 [Worker-110] INFO  o.e.m.c.i.embedder.EclipseLogger - Using 'UTF-8' encoding to copy filtered resources.
2016-06-22 12:49:16,134 [Worker-110] INFO  o.e.m.c.i.embedder.EclipseLogger - skip non existing resourceDirectory /Users/alesyatrubchik/CS5500/betterthanebay/java classes/src/test/resources
2016-06-22 14:01:49,734 [Worker-127] INFO  o.e.m.c.i.embedder.EclipseLogger - Using 'UTF-8' encoding to copy filtered resources.
2016-06-22 14:01:49,735 [Worker-127] INFO  o.e.m.c.i.embedder.EclipseLogger - skip non existing resourceDirectory /Users/alesyatrubchik/CS5500/betterthanebay/java classes/src/main/resources
2016-06-22 14:01:49,736 [Worker-127] INFO  o.e.m.c.i.embedder.EclipseLogger - Using 'UTF-8' encoding to copy filtered resources.
2016-06-22 14:01:49,736 [Worker-127] INFO  o.e.m.c.i.embedder.EclipseLogger - skip non existing resourceDirectory /Users/alesyatrubchik/CS5500/betterthanebay/java classes/src/test/resources
2016-06-22 14:17:28,888 [Worker-131] INFO  o.e.m.c.i.embedder.EclipseLogger - Using 'UTF-8' encoding to copy filtered resources.
2016-06-22 14:17:28,888 [Worker-131] INFO  o.e.m.c.i.embedder.EclipseLogger - skip non existing resourceDirectory /Users/alesyatrubchik/CS5500/betterthanebay/java classes/src/main/resources
2016-06-22 14:17:28,889 [Worker-131] INFO  o.e.m.c.i.embedder.EclipseLogger - Using 'UTF-8' encoding to copy filtered resources.
2016-06-22 14:17:28,890 [Worker-131] INFO  o.e.m.c.i.embedder.EclipseLogger - skip non existing resourceDirectory /Users/alesyatrubchik/CS5500/betterthanebay/java classes/src/test/resources
2016-06-22 14:31:58,256 [Worker-140] INFO  o.e.m.c.i.embedder.EclipseLogger - Using 'UTF-8' encoding to copy filtered resources.
2016-06-22 14:31:58,260 [Worker-140] INFO  o.e.m.c.i.embedder.EclipseLogger - skip non existing resourceDirectory /Users/alesyatrubchik/CS5500/betterthanebay/java classes/src/main/resources
2016-06-22 14:31:58,261 [Worker-140] INFO  o.e.m.c.i.embedder.EclipseLogger - Using 'UTF-8' encoding to copy filtered resources.
2016-06-22 14:31:58,262 [Worker-140] INFO  o.e.m.c.i.embedder.EclipseLogger - skip non existing resourceDirectory /Users/alesyatrubchik/CS5500/betterthanebay/java classes/src/test/resources
2016-06-22 14:32:53,511 [Worker-142] INFO  o.e.m.c.i.embedder.EclipseLogger - Using 'UTF-8' encoding to copy filtered resources.
2016-06-22 14:32:53,512 [Worker-142] INFO  o.e.m.c.i.embedder.EclipseLogger - skip non existing resourceDirectory /Users/alesyatrubchik/CS5500/betterthanebay/java classes/src/main/resources
2016-06-22 14:32:53,513 [Worker-142] INFO  o.e.m.c.i.embedder.EclipseLogger - Using 'UTF-8' encoding to copy filtered resources.
2016-06-22 14:32:53,513 [Worker-142] INFO  o.e.m.c.i.embedder.EclipseLogger - skip non existing resourceDirectory /Users/alesyatrubchik/CS5500/betterthanebay/java classes/src/test/resources
2016-06-22 14:38:23,023 [Worker-141] INFO  o.e.m.c.i.embedder.EclipseLogger - Using 'UTF-8' encoding to copy filtered resources.
2016-06-22 14:38:23,023 [Worker-141] INFO  o.e.m.c.i.embedder.EclipseLogger - skip non existing resourceDirectory /Users/alesyatrubchik/CS5500/betterthanebay/java classes/src/main/resources
2016-06-22 14:38:23,024 [Worker-141] INFO  o.e.m.c.i.embedder.EclipseLogger - Using 'UTF-8' encoding to copy filtered resources.
2016-06-22 14:38:23,024 [Worker-141] INFO  o.e.m.c.i.embedder.EclipseLogger - skip non existing resourceDirectory /Users/alesyatrubchik/CS5500/betterthanebay/java classes/src/test/resources
